[0;35mðŸŽ¯ Candidate Recommendation Engine - Launch Script[0m
================================================================
[0;34mâ„¹ï¸  Cleaning up processes...[0m
[0;34mâ„¹ï¸  Checking for existing processes on port 8000...[0m
[0;34mâ„¹ï¸  Port 8000 is available[0m
[0;34mâ„¹ï¸  Checking for existing processes on port 8501...[0m
[0;34mâ„¹ï¸  Port 8501 is available[0m
[0;34mâ„¹ï¸  Checking for existing processes on port 8000...[0m
[0;34mâ„¹ï¸  Port 8000 is available[0m
[0;34mâ„¹ï¸  Checking for existing processes on port 8501...[0m
[0;34mâ„¹ï¸  Port 8501 is available[0m
[0;34mâ„¹ï¸  Activating virtual environment...[0m
[0;32mâœ… Virtual environment activated[0m
[0;34mâ„¹ï¸  Starting FastAPI server on port 8000...[0m
[0;32mâœ… FastAPI server started successfully (PID: 33895)[0m
[0;34mâ„¹ï¸  Starting Streamlit server on port 8501...[0m
[0;32mâœ… Streamlit server started successfully (PID: 33975)[0m
[0;34mâ„¹ï¸  Checking server health...[0m
[0;32mâœ… API server is healthy[0m

[0;35mðŸŽ¯ ðŸš€ Candidate Recommendation Engine is Running![0m

[0;32mâœ… Access Points:[0m
  ðŸ“± Streamlit App:      http://localhost:8501
  ðŸ“š API Documentation:  http://localhost:8000/docs
  ðŸ¥ Health Check:       http://localhost:8000/health

[0;34mâ„¹ï¸  Log Files:[0m
  ðŸ“„ API Logs:           api.log
  ðŸ“„ Streamlit Logs:     streamlit.log

[0;34mâ„¹ï¸  Process Management:[0m
  ðŸ›‘ Stop All:           ./stop.sh
  ðŸ“Š Check Status:       ./status.sh

[1;33mâš ï¸  Keep this terminal open or run in background with 'nohup ./run.sh &'[0m
[0;34mâ„¹ï¸  Press Ctrl+C to stop all servers...[0m
./run.sh: line 191: 33895 Killed: 9               nohup uvicorn app.main:app --host 0.0.0.0 --port $API_PORT > api.log 2>&1
